[ 2017-10-27T06:14:58+08:00 ] 127.0.0.1 /index.php/Back/Goods/tianjia
INFO: [ app_init ] --START--
INFO: Run Behavior\BuildLiteBehavior [ RunTime:0.000000s ]
INFO: [ app_init ] --END-- [ RunTime:0.001000s ]
INFO: [ app_begin ] --START--
INFO: Run Behavior\ReadHtmlCacheBehavior [ RunTime:0.001000s ]
INFO: [ app_begin ] --END-- [ RunTime:0.001000s ]
SQL: SHOW COLUMNS FROM `php_goods` [ RunTime:0.0050s ]
INFO: [ view_parse ] --START--
INFO: [ template_filter ] --START--
INFO: Run Behavior\ContentReplaceBehavior [ RunTime:0.000000s ]
INFO: [ template_filter ] --END-- [ RunTime:0.001000s ]
NOTIC: [8] Undefined variable: _v D:\phpStudy\WWW\shop1024\shop\Runtime\Cache\Back\e30a2b39e88af9b62d8a17620aec232a.php 第 96 行.
NOTIC: [8] Undefined variable: _v D:\phpStudy\WWW\shop1024\shop\Runtime\Cache\Back\e30a2b39e88af9b62d8a17620aec232a.php 第 96 行.
NOTIC: [8] Undefined variable: _v D:\phpStudy\WWW\shop1024\shop\Runtime\Cache\Back\e30a2b39e88af9b62d8a17620aec232a.php 第 107 行.
NOTIC: [8] Undefined variable: _v D:\phpStudy\WWW\shop1024\shop\Runtime\Cache\Back\e30a2b39e88af9b62d8a17620aec232a.php 第 107 行.
INFO: Run Behavior\ParseTemplateBehavior [ RunTime:0.008001s ]
INFO: [ view_parse ] --END-- [ RunTime:0.008001s ]
INFO: [ view_filter ] --START--
INFO: Run Behavior\WriteHtmlCacheBehavior [ RunTime:0.000000s ]
INFO: [ view_filter ] --END-- [ RunTime:0.000000s ]
INFO: [ app_end ] --START--
INFO: Run Behavior\ShowPageTraceBehavior [ RunTime:0.001000s ]
INFO: [ app_end ] --END-- [ RunTime:0.001000s ]

[ 2017-10-27T06:23:05+08:00 ] 127.0.0.1 /index.php/Back/Goods/tianjia
INFO: [ app_init ] --START--
INFO: Run Behavior\BuildLiteBehavior [ RunTime:0.000000s ]
INFO: [ app_init ] --END-- [ RunTime:0.001000s ]
INFO: [ app_begin ] --START--
INFO: Run Behavior\ReadHtmlCacheBehavior [ RunTime:0.002000s ]
INFO: [ app_begin ] --END-- [ RunTime:0.002000s ]
SQL: SHOW COLUMNS FROM `php_goods` [ RunTime:0.0050s ]
INFO: [ view_parse ] --START--
INFO: [ template_filter ] --START--
INFO: Run Behavior\ContentReplaceBehavior [ RunTime:0.000000s ]
INFO: [ template_filter ] --END-- [ RunTime:0.000000s ]
NOTIC: [8] Undefined variable: _v D:\phpStudy\WWW\shop1024\shop\Runtime\Cache\Back\e30a2b39e88af9b62d8a17620aec232a.php 第 96 行.
NOTIC: [8] Undefined variable: _v D:\phpStudy\WWW\shop1024\shop\Runtime\Cache\Back\e30a2b39e88af9b62d8a17620aec232a.php 第 96 行.
NOTIC: [8] Undefined variable: _v D:\phpStudy\WWW\shop1024\shop\Runtime\Cache\Back\e30a2b39e88af9b62d8a17620aec232a.php 第 107 行.
NOTIC: [8] Undefined variable: _v D:\phpStudy\WWW\shop1024\shop\Runtime\Cache\Back\e30a2b39e88af9b62d8a17620aec232a.php 第 107 行.
INFO: Run Behavior\ParseTemplateBehavior [ RunTime:0.008000s ]
INFO: [ view_parse ] --END-- [ RunTime:0.008000s ]
INFO: [ view_filter ] --START--
INFO: Run Behavior\WriteHtmlCacheBehavior [ RunTime:0.000000s ]
INFO: [ view_filter ] --END-- [ RunTime:0.000000s ]
INFO: [ app_end ] --START--
INFO: Run Behavior\ShowPageTraceBehavior [ RunTime:0.001001s ]
INFO: [ app_end ] --END-- [ RunTime:0.001001s ]

